# JRE version: OpenJDK Runtime Environment Microsoft-40648 (11.0.16.1+1) (build 11.0.16.1+1-LTS)
# Java VM: OpenJDK 64-Bit Server VM Microsoft-40648 (11.0.16.1+1-LTS, mixed mode, tiered, compressed oops, g1 gc, windows-amd64)
Heap:
 garbage-first heap   total 551936K, used 91757K [0x0000000083e00000, 0x0000000100000000)
  region size 1024K, 14 young (14336K), 14 survivors (14336K)
 Metaspace       used 18534K, capacity 18822K, committed 18944K, reserved 1067008K
  class space    used 1670K, capacity 1791K, committed 1792K, reserved 1048576K
GC Heap History (20 events):
Event: 6.174 GC heap after
{Heap after GC invocations=34 (full 0):
 garbage-first heap   total 49152K, used 18339K [0x0000000083e00000, 0x0000000100000000)
  region size 1024K, 2 young (2048K), 2 survivors (2048K)
 Metaspace       used 13802K, capacity 14132K, committed 14336K, reserved 1062912K
  class space    used 1409K, capacity 1503K, committed 1536K, reserved 1048576K
}
Event: 6.205 GC heap before
{Heap before GC invocations=35 (full 0):
 garbage-first heap   total 49152K, used 25507K [0x0000000083e00000, 0x0000000100000000)
  region size 1024K, 6 young (6144K), 2 survivors (2048K)
 Metaspace       used 13802K, capacity 14132K, committed 14336K, reserved 1062912K
  class space    used 1409K, capacity 1503K, committed 1536K, reserved 1048576K
}
Event: 6.209 GC heap after
{Heap after GC invocations=36 (full 0):
 garbage-first heap   total 49152K, used 20520K [0x0000000083e00000, 0x0000000100000000)
  region size 1024K, 2 young (2048K), 2 survivors (2048K)
 Metaspace       used 13802K, capacity 14132K, committed 14336K, reserved 1062912K
  class space    used 1409K, capacity 1503K, committed 1536K, reserved 1048576K
}
Event: 6.231 GC heap before
{Heap before GC invocations=37 (full 0):
 garbage-first heap   total 49152K, used 25640K [0x0000000083e00000, 0x0000000100000000)
  region size 1024K, 6 young (6144K), 2 survivors (2048K)
 Metaspace       used 13802K, capacity 14132K, committed 14336K, reserved 1062912K
  class space    used 1409K, capacity 1503K, committed 1536K, reserved 1048576K
}
Event: 6.240 GC heap after
{Heap after GC invocations=38 (full 0):
 garbage-first heap   total 110592K, used 23525K [0x0000000083e00000, 0x0000000100000000)
  region size 1024K, 1 young (1024K), 1 survivors (1024K)
 Metaspace       used 13802K, capacity 14132K, committed 14336K, reserved 1062912K
  class space    used 1409K, capacity 1503K, committed 1536K, reserved 1048576K
}
Event: 7.056 GC heap before
{Heap before GC invocations=39 (full 0):
 garbage-first heap   total 110592K, used 57317K [0x0000000083e00000, 0x0000000100000000)
  region size 1024K, 30 young (30720K), 1 survivors (1024K)
 Metaspace       used 15150K, capacity 15412K, committed 15488K, reserved 1062912K
  class space    used 1505K, capacity 1609K, committed 1664K, reserved 1048576K
}
Event: 7.069 GC heap after
{Heap after GC invocations=40 (full 0):
 garbage-first heap   total 110592K, used 33792K [0x0000000083e00000, 0x0000000100000000)
  region size 1024K, 4 young (4096K), 4 survivors (4096K)
 Metaspace       used 15150K, capacity 15412K, committed 15488K, reserved 1062912K
  class space    used 1505K, capacity 1609K, committed 1664K, reserved 1048576K
}
Event: 7.611 GC heap before
{Heap before GC invocations=40 (full 0):
 garbage-first heap   total 110592K, used 63488K [0x0000000083e00000, 0x0000000100000000)
  region size 1024K, 32 young (32768K), 4 survivors (4096K)
 Metaspace       used 15939K, capacity 16259K, committed 16384K, reserved 1064960K
  class space    used 1562K, capacity 1696K, committed 1792K, reserved 1048576K
}
Event: 7.636 GC heap after
{Heap after GC invocations=41 (full 0):
 garbage-first heap   total 110592K, used 46753K [0x0000000083e00000, 0x0000000100000000)
  region size 1024K, 4 young (4096K), 4 survivors (4096K)
 Metaspace       used 15939K, capacity 16259K, committed 16384K, reserved 1064960K
  class space    used 1562K, capacity 1696K, committed 1792K, reserved 1048576K
}
Event: 7.728 GC heap before
{Heap before GC invocations=41 (full 0):
 garbage-first heap   total 110592K, used 72353K [0x0000000083e00000, 0x0000000100000000)
  region size 1024K, 27 young (27648K), 4 survivors (4096K)
 Metaspace       used 16035K, capacity 16326K, committed 16640K, reserved 1064960K
  class space    used 1563K, capacity 1696K, committed 1792K, reserved 1048576K
}
Event: 7.772 GC heap after
{Heap after GC invocations=42 (full 0):
 garbage-first heap   total 110592K, used 64000K [0x0000000083e00000, 0x0000000100000000)
  region size 1024K, 4 young (4096K), 4 survivors (4096K)
 Metaspace       used 16035K, capacity 16326K, committed 16640K, reserved 1064960K
  class space    used 1563K, capacity 1696K, committed 1792K, reserved 1048576K
}
Event: 7.982 GC heap before
{Heap before GC invocations=42 (full 0):
 garbage-first heap   total 110592K, used 78336K [0x0000000083e00000, 0x0000000100000000)
  region size 1024K, 18 young (18432K), 4 survivors (4096K)
 Metaspace       used 16238K, capacity 16591K, committed 16896K, reserved 1064960K
  class space    used 1566K, capacity 1696K, committed 1792K, reserved 1048576K
}
Event: 8.009 GC heap after
{Heap after GC invocations=43 (full 0):
 garbage-first heap   total 292864K, used 67584K [0x0000000083e00000, 0x0000000100000000)
  region size 1024K, 3 young (3072K), 3 survivors (3072K)
 Metaspace       used 16238K, capacity 16591K, committed 16896K, reserved 1064960K
  class space    used 1566K, capacity 1696K, committed 1792K, reserved 1048576K
}
Event: 9.965 GC heap before
{Heap before GC invocations=44 (full 0):
 garbage-first heap   total 292864K, used 135168K [0x0000000083e00000, 0x0000000100000000)
  region size 1024K, 69 young (70656K), 3 survivors (3072K)
 Metaspace       used 17903K, capacity 18165K, committed 18176K, reserved 1064960K
  class space    used 1668K, capacity 1790K, committed 1792K, reserved 1048576K
}
Event: 10.025 GC heap after
{Heap after GC invocations=45 (full 0):
 garbage-first heap   total 292864K, used 76217K [0x0000000083e00000, 0x0000000100000000)
  region size 1024K, 9 young (9216K), 9 survivors (9216K)
 Metaspace       used 17903K, capacity 18165K, committed 18176K, reserved 1064960K
  class space    used 1668K, capacity 1790K, committed 1792K, reserved 1048576K
}
Event: 11.200 GC heap before
{Heap before GC invocations=45 (full 0):
 garbage-first heap   total 292864K, used 160185K [0x0000000083e00000, 0x0000000100000000)
  region size 1024K, 91 young (93184K), 9 survivors (9216K)
 Metaspace       used 18302K, capacity 18623K, committed 18688K, reserved 1067008K
  class space    used 1669K, capacity 1790K, committed 1792K, reserved 1048576K
}
Event: 11.227 GC heap after
{Heap after GC invocations=46 (full 0):
 garbage-first heap   total 292864K, used 82028K [0x0000000083e00000, 0x0000000100000000)
  region size 1024K, 6 young (6144K), 6 survivors (6144K)
 Metaspace       used 18302K, capacity 18623K, committed 18688K, reserved 1067008K
  class space    used 1669K, capacity 1790K, committed 1792K, reserved 1048576K
}
Event: 12.289 GC heap before
{Heap before GC invocations=46 (full 0):
 garbage-first heap   total 292864K, used 178284K [0x0000000083e00000, 0x0000000100000000)
  region size 1024K, 100 young (102400K), 6 survivors (6144K)
 Metaspace       used 18419K, capacity 18754K, committed 18944K, reserved 1067008K
  class space    used 1669K, capacity 1790K, committed 1792K, reserved 1048576K
}
Event: 12.303 GC heap after
{Heap after GC invocations=47 (full 0):
 garbage-first heap   total 292864K, used 85613K [0x0000000083e00000, 0x0000000100000000)
  region size 1024K, 9 young (9216K), 9 survivors (9216K)
 Metaspace       used 18419K, capacity 18754K, committed 18944K, reserved 1067008K
  class space    used 1669K, capacity 1790K, committed 1792K, reserved 1048576K
}
Event: 13.758 GC heap before
{Heap before GC invocations=47 (full 0):
 garbage-first heap   total 292864K, used 212589K [0x0000000083e00000, 0x0000000100000000)
  region size 1024K, 130 young (133120K), 9 survivors (9216K)
 Metaspace       used 18534K, capacity 18822K, committed 18944K, reserved 1067008K
  class space    used 1670K, capacity 1791K, committed 1792K, reserved 1048576K
}

