# JRE version: OpenJDK Runtime Environment Microsoft-40648 (11.0.16.1+1) (build 11.0.16.1+1-LTS)
# Java VM: OpenJDK 64-Bit Server VM Microsoft-40648 (11.0.16.1+1-LTS, mixed mode, tiered, compressed oops, g1 gc, windows-amd64)
Heap:
 garbage-first heap   total 258048K, used 67072K [0x0000000083e00000, 0x0000000100000000)
  region size 1024K, 3 young (3072K), 3 survivors (3072K)
 Metaspace       used 16224K, capacity 16528K, committed 16640K, reserved 1064960K
  class space    used 1566K, capacity 1696K, committed 1792K, reserved 1048576K
GC Heap History (20 events):
Event: 2.274 GC heap after
{Heap after GC invocations=31 (full 0):
 garbage-first heap   total 29696K, used 17749K [0x0000000083e00000, 0x0000000100000000)
  region size 1024K, 1 young (1024K), 1 survivors (1024K)
 Metaspace       used 13794K, capacity 14132K, committed 14336K, reserved 1062912K
  class space    used 1409K, capacity 1503K, committed 1536K, reserved 1048576K
}
Event: 2.314 GC heap before
{Heap before GC invocations=32 (full 0):
 garbage-first heap   total 29696K, used 19797K [0x0000000083e00000, 0x0000000100000000)
  region size 1024K, 4 young (4096K), 1 survivors (1024K)
 Metaspace       used 13794K, capacity 14132K, committed 14336K, reserved 1062912K
  class space    used 1409K, capacity 1503K, committed 1536K, reserved 1048576K
}
Event: 2.315 GC heap after
{Heap after GC invocations=33 (full 0):
 garbage-first heap   total 29696K, used 17867K [0x0000000083e00000, 0x0000000100000000)
  region size 1024K, 1 young (1024K), 1 survivors (1024K)
 Metaspace       used 13794K, capacity 14132K, committed 14336K, reserved 1062912K
  class space    used 1409K, capacity 1503K, committed 1536K, reserved 1048576K
}
Event: 2.330 GC heap before
{Heap before GC invocations=33 (full 0):
 garbage-first heap   total 29696K, used 18891K [0x0000000083e00000, 0x0000000100000000)
  region size 1024K, 3 young (3072K), 1 survivors (1024K)
 Metaspace       used 13794K, capacity 14132K, committed 14336K, reserved 1062912K
  class space    used 1409K, capacity 1503K, committed 1536K, reserved 1048576K
}
Event: 2.333 GC heap after
{Heap after GC invocations=34 (full 0):
 garbage-first heap   total 57344K, used 17965K [0x0000000083e00000, 0x0000000100000000)
  region size 1024K, 1 young (1024K), 1 survivors (1024K)
 Metaspace       used 13794K, capacity 14132K, committed 14336K, reserved 1062912K
  class space    used 1409K, capacity 1503K, committed 1536K, reserved 1048576K
}
Event: 2.366 GC heap before
{Heap before GC invocations=35 (full 0):
 garbage-first heap   total 57344K, used 32301K [0x0000000083e00000, 0x0000000100000000)
  region size 1024K, 2 young (2048K), 1 survivors (1024K)
 Metaspace       used 13794K, capacity 14132K, committed 14336K, reserved 1062912K
  class space    used 1409K, capacity 1503K, committed 1536K, reserved 1048576K
}
Event: 2.369 GC heap after
{Heap after GC invocations=36 (full 0):
 garbage-first heap   total 57344K, used 18165K [0x0000000083e00000, 0x0000000100000000)
  region size 1024K, 1 young (1024K), 1 survivors (1024K)
 Metaspace       used 13794K, capacity 14132K, committed 14336K, reserved 1062912K
  class space    used 1409K, capacity 1503K, committed 1536K, reserved 1048576K
}
Event: 2.457 GC heap before
{Heap before GC invocations=37 (full 0):
 garbage-first heap   total 57344K, used 30453K [0x0000000083e00000, 0x0000000100000000)
  region size 1024K, 8 young (8192K), 1 survivors (1024K)
 Metaspace       used 13794K, capacity 14132K, committed 14336K, reserved 1062912K
  class space    used 1409K, capacity 1503K, committed 1536K, reserved 1048576K
}
Event: 2.464 GC heap after
{Heap after GC invocations=38 (full 0):
 garbage-first heap   total 57344K, used 23336K [0x0000000083e00000, 0x0000000100000000)
  region size 1024K, 2 young (2048K), 2 survivors (2048K)
 Metaspace       used 13794K, capacity 14132K, committed 14336K, reserved 1062912K
  class space    used 1409K, capacity 1503K, committed 1536K, reserved 1048576K
}
Event: 2.775 GC heap before
{Heap before GC invocations=39 (full 0):
 garbage-first heap   total 57344K, used 35624K [0x0000000083e00000, 0x0000000100000000)
  region size 1024K, 12 young (12288K), 2 survivors (2048K)
 Metaspace       used 13929K, capacity 14197K, committed 14336K, reserved 1062912K
  class space    used 1409K, capacity 1503K, committed 1536K, reserved 1048576K
}
Event: 2.785 GC heap after
{Heap after GC invocations=40 (full 0):
 garbage-first heap   total 57344K, used 25600K [0x0000000083e00000, 0x0000000100000000)
  region size 1024K, 2 young (2048K), 2 survivors (2048K)
 Metaspace       used 13929K, capacity 14197K, committed 14336K, reserved 1062912K
  class space    used 1409K, capacity 1503K, committed 1536K, reserved 1048576K
}
Event: 3.065 GC heap before
{Heap before GC invocations=40 (full 0):
 garbage-first heap   total 57344K, used 37888K [0x0000000083e00000, 0x0000000100000000)
  region size 1024K, 12 young (12288K), 2 survivors (2048K)
 Metaspace       used 14267K, capacity 14595K, committed 14720K, reserved 1062912K
  class space    used 1442K, capacity 1571K, committed 1664K, reserved 1048576K
}
Event: 3.073 GC heap after
{Heap after GC invocations=41 (full 0):
 garbage-first heap   total 114688K, used 31208K [0x0000000083e00000, 0x0000000100000000)
  region size 1024K, 2 young (2048K), 2 survivors (2048K)
 Metaspace       used 14267K, capacity 14595K, committed 14720K, reserved 1062912K
  class space    used 1442K, capacity 1571K, committed 1664K, reserved 1048576K
}
Event: 3.633 GC heap before
{Heap before GC invocations=41 (full 0):
 garbage-first heap   total 114688K, used 56808K [0x0000000083e00000, 0x0000000100000000)
  region size 1024K, 26 young (26624K), 2 survivors (2048K)
 Metaspace       used 15482K, capacity 15780K, committed 16000K, reserved 1062912K
  class space    used 1524K, capacity 1646K, committed 1664K, reserved 1048576K
}
Event: 3.649 GC heap after
{Heap after GC invocations=42 (full 0):
 garbage-first heap   total 114688K, used 38912K [0x0000000083e00000, 0x0000000100000000)
  region size 1024K, 4 young (4096K), 4 survivors (4096K)
 Metaspace       used 15482K, capacity 15780K, committed 16000K, reserved 1062912K
  class space    used 1524K, capacity 1646K, committed 1664K, reserved 1048576K
}
Event: 3.942 GC heap before
{Heap before GC invocations=42 (full 0):
 garbage-first heap   total 114688K, used 67584K [0x0000000083e00000, 0x0000000100000000)
  region size 1024K, 32 young (32768K), 4 survivors (4096K)
 Metaspace       used 15975K, capacity 16260K, committed 16384K, reserved 1064960K
  class space    used 1562K, capacity 1696K, committed 1792K, reserved 1048576K
}
Event: 4.001 GC heap after
{Heap after GC invocations=43 (full 0):
 garbage-first heap   total 114688K, used 58147K [0x0000000083e00000, 0x0000000100000000)
  region size 1024K, 4 young (4096K), 4 survivors (4096K)
 Metaspace       used 15975K, capacity 16260K, committed 16384K, reserved 1064960K
  class space    used 1562K, capacity 1696K, committed 1792K, reserved 1048576K
}
Event: 4.075 GC heap before
{Heap before GC invocations=43 (full 0):
 garbage-first heap   total 114688K, used 65315K [0x0000000083e00000, 0x0000000100000000)
  region size 1024K, 12 young (12288K), 4 survivors (4096K)
 Metaspace       used 16037K, capacity 16325K, committed 16640K, reserved 1064960K
  class space    used 1563K, capacity 1696K, committed 1792K, reserved 1048576K
}
Event: 4.100 GC heap after
{Heap after GC invocations=44 (full 0):
 garbage-first heap   total 114688K, used 62464K [0x0000000083e00000, 0x0000000100000000)
  region size 1024K, 3 young (3072K), 3 survivors (3072K)
 Metaspace       used 16037K, capacity 16325K, committed 16640K, reserved 1064960K
  class space    used 1563K, capacity 1696K, committed 1792K, reserved 1048576K
}
Event: 4.345 GC heap before
{Heap before GC invocations=45 (full 0):
 garbage-first heap   total 114688K, used 79872K [0x0000000083e00000, 0x0000000100000000)
  region size 1024K, 18 young (18432K), 3 survivors (3072K)
 Metaspace       used 16224K, capacity 16528K, committed 16640K, reserved 1064960K
  class space    used 1566K, capacity 1696K, committed 1792K, reserved 1048576K
}

