# JRE version: OpenJDK Runtime Environment Microsoft-40648 (11.0.16.1+1) (build 11.0.16.1+1-LTS)
# Java VM: OpenJDK 64-Bit Server VM Microsoft-40648 (11.0.16.1+1-LTS, mixed mode, tiered, compressed oops, g1 gc, windows-amd64)
Heap:
 garbage-first heap   total 247808K, used 167994K [0x0000000083e00000, 0x0000000100000000)
  region size 1024K, 87 young (89088K), 7 survivors (7168K)
 Metaspace       used 18471K, capacity 18756K, committed 18944K, reserved 1067008K
  class space    used 1669K, capacity 1790K, committed 1792K, reserved 1048576K
GC Heap History (20 events):
Event: 4.433 GC heap before
{Heap before GC invocations=37 (full 0):
 garbage-first heap   total 67584K, used 43372K [0x0000000083e00000, 0x0000000100000000)
  region size 1024K, 17 young (17408K), 3 survivors (3072K)
 Metaspace       used 15128K, capacity 15406K, committed 15488K, reserved 1062912K
  class space    used 1501K, capacity 1607K, committed 1664K, reserved 1048576K
}
Event: 4.450 GC heap after
{Heap after GC invocations=38 (full 0):
 garbage-first heap   total 67584K, used 33792K [0x0000000083e00000, 0x0000000100000000)
  region size 1024K, 3 young (3072K), 3 survivors (3072K)
 Metaspace       used 15128K, capacity 15406K, committed 15488K, reserved 1062912K
  class space    used 1501K, capacity 1607K, committed 1664K, reserved 1048576K
}
Event: 5.050 GC heap before
{Heap before GC invocations=38 (full 0):
 garbage-first heap   total 67584K, used 45056K [0x0000000083e00000, 0x0000000100000000)
  region size 1024K, 15 young (15360K), 3 survivors (3072K)
 Metaspace       used 15446K, capacity 15780K, committed 16000K, reserved 1062912K
  class space    used 1525K, capacity 1646K, committed 1664K, reserved 1048576K
}
Event: 5.062 GC heap after
{Heap after GC invocations=39 (full 0):
 garbage-first heap   total 67584K, used 37644K [0x0000000083e00000, 0x0000000100000000)
  region size 1024K, 2 young (2048K), 2 survivors (2048K)
 Metaspace       used 15446K, capacity 15780K, committed 16000K, reserved 1062912K
  class space    used 1525K, capacity 1646K, committed 1664K, reserved 1048576K
}
Event: 5.405 GC heap before
{Heap before GC invocations=40 (full 0):
 garbage-first heap   total 67584K, used 49932K [0x0000000083e00000, 0x0000000100000000)
  region size 1024K, 13 young (13312K), 2 survivors (2048K)
 Metaspace       used 15948K, capacity 16261K, committed 16384K, reserved 1064960K
  class space    used 1563K, capacity 1696K, committed 1792K, reserved 1048576K
}
Event: 5.424 GC heap after
{Heap after GC invocations=41 (full 0):
 garbage-first heap   total 123904K, used 42397K [0x0000000083e00000, 0x0000000100000000)
  region size 1024K, 2 young (2048K), 2 survivors (2048K)
 Metaspace       used 15948K, capacity 16261K, committed 16384K, reserved 1064960K
  class space    used 1563K, capacity 1696K, committed 1792K, reserved 1048576K
}
Event: 5.653 GC heap before
{Heap before GC invocations=41 (full 0):
 garbage-first heap   total 123904K, used 67997K [0x0000000083e00000, 0x0000000100000000)
  region size 1024K, 27 young (27648K), 2 survivors (2048K)
 Metaspace       used 16008K, capacity 16325K, committed 16640K, reserved 1064960K
  class space    used 1563K, capacity 1696K, committed 1792K, reserved 1048576K
}
Event: 5.711 GC heap after
{Heap after GC invocations=42 (full 0):
 garbage-first heap   total 123904K, used 61794K [0x0000000083e00000, 0x0000000100000000)
  region size 1024K, 4 young (4096K), 4 survivors (4096K)
 Metaspace       used 16008K, capacity 16325K, committed 16640K, reserved 1064960K
  class space    used 1563K, capacity 1696K, committed 1792K, reserved 1048576K
}
Event: 5.777 GC heap before
{Heap before GC invocations=42 (full 0):
 garbage-first heap   total 123904K, used 64866K [0x0000000083e00000, 0x0000000100000000)
  region size 1024K, 8 young (8192K), 4 survivors (4096K)
 Metaspace       used 16070K, capacity 16392K, committed 16640K, reserved 1064960K
  class space    used 1564K, capacity 1696K, committed 1792K, reserved 1048576K
}
Event: 5.795 GC heap after
{Heap after GC invocations=43 (full 0):
 garbage-first heap   total 123904K, used 63333K [0x0000000083e00000, 0x0000000100000000)
  region size 1024K, 2 young (2048K), 2 survivors (2048K)
 Metaspace       used 16070K, capacity 16392K, committed 16640K, reserved 1064960K
  class space    used 1564K, capacity 1696K, committed 1792K, reserved 1048576K
}
Event: 6.217 GC heap before
{Heap before GC invocations=44 (full 0):
 garbage-first heap   total 123904K, used 81765K [0x0000000083e00000, 0x0000000100000000)
  region size 1024K, 18 young (18432K), 2 survivors (2048K)
 Metaspace       used 16268K, capacity 16594K, committed 16896K, reserved 1064960K
  class space    used 1567K, capacity 1696K, committed 1792K, reserved 1048576K
}
Event: 6.234 GC heap after
{Heap after GC invocations=45 (full 0):
 garbage-first heap   total 123904K, used 68096K [0x0000000083e00000, 0x0000000100000000)
  region size 1024K, 3 young (3072K), 3 survivors (3072K)
 Metaspace       used 16268K, capacity 16594K, committed 16896K, reserved 1064960K
  class space    used 1567K, capacity 1696K, committed 1792K, reserved 1048576K
}
Event: 6.442 GC heap before
{Heap before GC invocations=45 (full 0):
 garbage-first heap   total 123904K, used 85504K [0x0000000083e00000, 0x0000000100000000)
  region size 1024K, 20 young (20480K), 3 survivors (3072K)
 Metaspace       used 16326K, capacity 16603K, committed 16896K, reserved 1064960K
  class space    used 1569K, capacity 1698K, committed 1792K, reserved 1048576K
}
Event: 6.472 GC heap after
{Heap after GC invocations=46 (full 0):
 garbage-first heap   total 247808K, used 71476K [0x0000000083e00000, 0x0000000100000000)
  region size 1024K, 3 young (3072K), 3 survivors (3072K)
 Metaspace       used 16326K, capacity 16603K, committed 16896K, reserved 1064960K
  class space    used 1569K, capacity 1698K, committed 1792K, reserved 1048576K
}
Event: 8.884 GC heap before
{Heap before GC invocations=47 (full 0):
 garbage-first heap   total 247808K, used 123700K [0x0000000083e00000, 0x0000000100000000)
  region size 1024K, 54 young (55296K), 3 survivors (3072K)
 Metaspace       used 18028K, capacity 18360K, committed 18432K, reserved 1067008K
  class space    used 1669K, capacity 1790K, committed 1792K, reserved 1048576K
}
Event: 8.908 GC heap after
{Heap after GC invocations=48 (full 0):
 garbage-first heap   total 247808K, used 76800K [0x0000000083e00000, 0x0000000100000000)
  region size 1024K, 7 young (7168K), 7 survivors (7168K)
 Metaspace       used 18028K, capacity 18360K, committed 18432K, reserved 1067008K
  class space    used 1669K, capacity 1790K, committed 1792K, reserved 1048576K
}
Event: 9.882 GC heap before
{Heap before GC invocations=48 (full 0):
 garbage-first heap   total 247808K, used 142336K [0x0000000083e00000, 0x0000000100000000)
  region size 1024K, 71 young (72704K), 7 survivors (7168K)
 Metaspace       used 18310K, capacity 18624K, committed 18688K, reserved 1067008K
  class space    used 1669K, capacity 1790K, committed 1792K, reserved 1048576K
}
Event: 9.903 GC heap after
{Heap after GC invocations=49 (full 0):
 garbage-first heap   total 247808K, used 80954K [0x0000000083e00000, 0x0000000100000000)
  region size 1024K, 4 young (4096K), 4 survivors (4096K)
 Metaspace       used 18310K, capacity 18624K, committed 18688K, reserved 1067008K
  class space    used 1669K, capacity 1790K, committed 1792K, reserved 1048576K
}
Event: 10.660 GC heap before
{Heap before GC invocations=49 (full 0):
 garbage-first heap   total 247808K, used 155706K [0x0000000083e00000, 0x0000000100000000)
  region size 1024K, 77 young (78848K), 4 survivors (4096K)
 Metaspace       used 18425K, capacity 18692K, committed 18944K, reserved 1067008K
  class space    used 1669K, capacity 1790K, committed 1792K, reserved 1048576K
}
Event: 10.673 GC heap after
{Heap after GC invocations=50 (full 0):
 garbage-first heap   total 247808K, used 84026K [0x0000000083e00000, 0x0000000100000000)
  region size 1024K, 7 young (7168K), 7 survivors (7168K)
 Metaspace       used 18425K, capacity 18692K, committed 18944K, reserved 1067008K
  class space    used 1669K, capacity 1790K, committed 1792K, reserved 1048576K
}

