# JRE version: OpenJDK Runtime Environment Microsoft-40648 (11.0.16.1+1) (build 11.0.16.1+1-LTS)
# Java VM: OpenJDK 64-Bit Server VM Microsoft-40648 (11.0.16.1+1-LTS, mixed mode, tiered, compressed oops, g1 gc, windows-amd64)
Heap:
 garbage-first heap   total 360448K, used 81483K [0x0000000083e00000, 0x0000000100000000)
  region size 1024K, 5 young (5120K), 5 survivors (5120K)
 Metaspace       used 18242K, capacity 18558K, committed 18688K, reserved 1067008K
  class space    used 1668K, capacity 1790K, committed 1792K, reserved 1048576K
GC Heap History (20 events):
Event: 2.922 GC heap after
{Heap after GC invocations=31 (full 0):
 garbage-first heap   total 34816K, used 18060K [0x0000000083e00000, 0x0000000100000000)
  region size 1024K, 1 young (1024K), 1 survivors (1024K)
 Metaspace       used 13804K, capacity 14132K, committed 14336K, reserved 1062912K
  class space    used 1409K, capacity 1503K, committed 1536K, reserved 1048576K
}
Event: 2.954 GC heap before
{Heap before GC invocations=32 (full 0):
 garbage-first heap   total 44032K, used 32396K [0x0000000083e00000, 0x0000000100000000)
  region size 1024K, 2 young (2048K), 1 survivors (1024K)
 Metaspace       used 13804K, capacity 14132K, committed 14336K, reserved 1062912K
  class space    used 1409K, capacity 1503K, committed 1536K, reserved 1048576K
}
Event: 2.955 GC heap after
{Heap after GC invocations=33 (full 0):
 garbage-first heap   total 44032K, used 18201K [0x0000000083e00000, 0x0000000100000000)
  region size 1024K, 1 young (1024K), 1 survivors (1024K)
 Metaspace       used 13804K, capacity 14132K, committed 14336K, reserved 1062912K
  class space    used 1409K, capacity 1503K, committed 1536K, reserved 1048576K
}
Event: 2.989 GC heap before
{Heap before GC invocations=34 (full 0):
 garbage-first heap   total 44032K, used 22297K [0x0000000083e00000, 0x0000000100000000)
  region size 1024K, 5 young (5120K), 1 survivors (1024K)
 Metaspace       used 13805K, capacity 14132K, committed 14336K, reserved 1062912K
  class space    used 1409K, capacity 1503K, committed 1536K, reserved 1048576K
}
Event: 2.993 GC heap after
{Heap after GC invocations=35 (full 0):
 garbage-first heap   total 87040K, used 20413K [0x0000000083e00000, 0x0000000100000000)
  region size 1024K, 2 young (2048K), 2 survivors (2048K)
 Metaspace       used 13805K, capacity 14132K, committed 14336K, reserved 1062912K
  class space    used 1409K, capacity 1503K, committed 1536K, reserved 1048576K
}
Event: 3.625 GC heap before
{Heap before GC invocations=36 (full 0):
 garbage-first heap   total 87040K, used 54205K [0x0000000083e00000, 0x0000000100000000)
  region size 1024K, 26 young (26624K), 2 survivors (2048K)
 Metaspace       used 14268K, capacity 14595K, committed 14720K, reserved 1062912K
  class space    used 1442K, capacity 1571K, committed 1664K, reserved 1048576K
}
Event: 3.638 GC heap after
{Heap after GC invocations=37 (full 0):
 garbage-first heap   total 87040K, used 32015K [0x0000000083e00000, 0x0000000100000000)
  region size 1024K, 4 young (4096K), 4 survivors (4096K)
 Metaspace       used 14268K, capacity 14595K, committed 14720K, reserved 1062912K
  class space    used 1442K, capacity 1571K, committed 1664K, reserved 1048576K
}
Event: 4.056 GC heap before
{Heap before GC invocations=37 (full 0):
 garbage-first heap   total 87040K, used 52495K [0x0000000083e00000, 0x0000000100000000)
  region size 1024K, 23 young (23552K), 4 survivors (4096K)
 Metaspace       used 15406K, capacity 15651K, committed 15744K, reserved 1062912K
  class space    used 1524K, capacity 1646K, committed 1664K, reserved 1048576K
}
Event: 4.067 GC heap after
{Heap after GC invocations=38 (full 0):
 garbage-first heap   total 87040K, used 37764K [0x0000000083e00000, 0x0000000100000000)
  region size 1024K, 3 young (3072K), 3 survivors (3072K)
 Metaspace       used 15406K, capacity 15651K, committed 15744K, reserved 1062912K
  class space    used 1524K, capacity 1646K, committed 1664K, reserved 1048576K
}
Event: 4.228 GC heap before
{Heap before GC invocations=38 (full 0):
 garbage-first heap   total 87040K, used 56196K [0x0000000083e00000, 0x0000000100000000)
  region size 1024K, 21 young (21504K), 3 survivors (3072K)
 Metaspace       used 15937K, capacity 16259K, committed 16384K, reserved 1064960K
  class space    used 1562K, capacity 1696K, committed 1792K, reserved 1048576K
}
Event: 4.254 GC heap after
{Heap after GC invocations=39 (full 0):
 garbage-first heap   total 87040K, used 47104K [0x0000000083e00000, 0x0000000100000000)
  region size 1024K, 3 young (3072K), 3 survivors (3072K)
 Metaspace       used 15937K, capacity 16259K, committed 16384K, reserved 1064960K
  class space    used 1562K, capacity 1696K, committed 1792K, reserved 1048576K
}
Event: 4.282 GC heap before
{Heap before GC invocations=39 (full 0):
 garbage-first heap   total 87040K, used 61440K [0x0000000083e00000, 0x0000000100000000)
  region size 1024K, 17 young (17408K), 3 survivors (3072K)
 Metaspace       used 15962K, capacity 16259K, committed 16384K, reserved 1064960K
  class space    used 1562K, capacity 1696K, committed 1792K, reserved 1048576K
}
Event: 4.311 GC heap after
{Heap after GC invocations=40 (full 0):
 garbage-first heap   total 180224K, used 58368K [0x0000000083e00000, 0x0000000100000000)
  region size 1024K, 3 young (3072K), 3 survivors (3072K)
 Metaspace       used 15962K, capacity 16259K, committed 16384K, reserved 1064960K
  class space    used 1562K, capacity 1696K, committed 1792K, reserved 1048576K
}
Event: 4.710 GC heap before
{Heap before GC invocations=41 (full 0):
 garbage-first heap   total 180224K, used 97280K [0x0000000083e00000, 0x0000000100000000)
  region size 1024K, 39 young (39936K), 3 survivors (3072K)
 Metaspace       used 16243K, capacity 16533K, committed 16640K, reserved 1064960K
  class space    used 1567K, capacity 1697K, committed 1792K, reserved 1048576K
}
Event: 4.727 GC heap after
{Heap after GC invocations=42 (full 0):
 garbage-first heap   total 180224K, used 70650K [0x0000000083e00000, 0x0000000100000000)
  region size 1024K, 5 young (5120K), 5 survivors (5120K)
 Metaspace       used 16243K, capacity 16533K, committed 16640K, reserved 1064960K
  class space    used 1567K, capacity 1697K, committed 1792K, reserved 1048576K
}
Event: 5.659 GC heap before
{Heap before GC invocations=42 (full 0):
 garbage-first heap   total 180224K, used 108538K [0x0000000083e00000, 0x0000000100000000)
  region size 1024K, 42 young (43008K), 5 survivors (5120K)
 Metaspace       used 17650K, capacity 17975K, committed 18176K, reserved 1064960K
  class space    used 1667K, capacity 1790K, committed 1792K, reserved 1048576K
}
Event: 5.680 GC heap after
{Heap after GC invocations=43 (full 0):
 garbage-first heap   total 180224K, used 76645K [0x0000000083e00000, 0x0000000100000000)
  region size 1024K, 6 young (6144K), 6 survivors (6144K)
 Metaspace       used 17650K, capacity 17975K, committed 18176K, reserved 1064960K
  class space    used 1667K, capacity 1790K, committed 1792K, reserved 1048576K
}
Event: 6.418 GC heap before
{Heap before GC invocations=43 (full 0):
 garbage-first heap   total 180224K, used 114533K [0x0000000083e00000, 0x0000000100000000)
  region size 1024K, 43 young (44032K), 6 survivors (6144K)
 Metaspace       used 18092K, capacity 18362K, committed 18432K, reserved 1067008K
  class space    used 1668K, capacity 1790K, committed 1792K, reserved 1048576K
}
Event: 6.431 GC heap after
{Heap after GC invocations=44 (full 0):
 garbage-first heap   total 180224K, used 79444K [0x0000000083e00000, 0x0000000100000000)
  region size 1024K, 3 young (3072K), 3 survivors (3072K)
 Metaspace       used 18092K, capacity 18362K, committed 18432K, reserved 1067008K
  class space    used 1668K, capacity 1790K, committed 1792K, reserved 1048576K
}
Event: 6.896 GC heap before
{Heap before GC invocations=44 (full 0):
 garbage-first heap   total 180224K, used 119380K [0x0000000083e00000, 0x0000000100000000)
  region size 1024K, 42 young (43008K), 3 survivors (3072K)
 Metaspace       used 18242K, capacity 18558K, committed 18688K, reserved 1067008K
  class space    used 1668K, capacity 1790K, committed 1792K, reserved 1048576K
}

